2025-06-25 08:05:25,880 [ERROR] LogOutputStream:75 - [STDERR_REDIRECT] 
2025-06-25 08:19:31,983 [INFO] Activator:176 - 


2025-06-25 08:19:31,984 [INFO] Activator:177 - !SESSION log4j initialized
2025-06-25 08:19:36,079 [INFO] LogOutputStream:77 - [STDOUT_REDIRECT] 
2025-06-25 08:19:37,036 [ERROR] LogOutputStream:75 - [STDERR_REDIRECT] 
2025-06-25 08:19:38,890 [INFO] LogOutputStream:77 - [STDOUT_REDIRECT] 
2025-06-25 08:19:40,587 [INFO] ApplicationProperties:184 - Using Application install path: /Applications/STM32CubeIDE.app/Contents/Eclipse/plugins/com.st.stm32cube.common.mx_6.14.1.202504091515
2025-06-25 08:19:40,601 [INFO] DbMcusXml:78 - Set database path to: /Applications/STM32CubeIDE.app/Contents/Eclipse/plugins/com.st.stm32cube.common.mx_6.14.1.202504091515//db//mcu/
2025-06-25 08:19:40,601 [INFO] ApiDb:274 - Set plugin database path to: /Applications/STM32CubeIDE.app/Contents/Eclipse/plugins/com.st.stm32cube.common.mx_6.14.1.202504091515//db//plugins/boardmanager/
2025-06-25 08:19:40,602 [WARN] ApiDb:259 - Overriding images path with different value:  => /Applications/STM32CubeIDE.app/Contents/Eclipse/plugins/com.st.stm32cube.common.mx_6.14.1.202504091515//db//plugins/mcufinder/images/
2025-06-25 08:19:40,610 [INFO] ApiDb:250 - Set database path to: /Users/alwinvarghese/.stmcufinder/plugins/mcufinder//mcu/
2025-06-25 08:19:40,610 [INFO] DbMcusAds:125 - Set database path to: /Users/alwinvarghese/.stmcufinder/plugins/mcufinder//mcu/
2025-06-25 08:19:40,611 [INFO] CrossReferenceDbSqlite:203 - Set database path to: /Users/alwinvarghese/.stmcufinder/plugins/mcufinder//mcu/cs/
2025-06-25 08:19:40,745 [INFO] RulesReader:64 - Compatibility file has been processed (302 Rules)
2025-06-25 08:19:40,822 [INFO] DbMcusXml:78 - Set database path to: /Applications/STM32CubeIDE.app/Contents/Eclipse/plugins/com.st.stm32cube.common.mx_6.14.1.202504091515//db//mcu/
2025-06-25 08:19:40,822 [INFO] ApiDb:274 - Set plugin database path to: /Applications/STM32CubeIDE.app/Contents/Eclipse/plugins/com.st.stm32cube.common.mx_6.14.1.202504091515//db//plugins/boardmanager/
2025-06-25 08:19:40,822 [INFO] ApiDb:261 - Set plugin images path to: /Applications/STM32CubeIDE.app/Contents/Eclipse/plugins/com.st.stm32cube.common.mx_6.14.1.202504091515//db//plugins/mcufinder/images/
2025-06-25 08:19:40,823 [WARN] DbFile:41 - Overriding database path with different value: /Users/alwinvarghese/.stmcufinder/plugins/mcufinder/ => /Users/alwinvarghese/.stmcufinder/plugins/mcufinder
2025-06-25 08:19:40,823 [INFO] ApiDb:250 - Set database path to: /Users/alwinvarghese/.stmcufinder/plugins/mcufinder//mcu/
2025-06-25 08:19:40,823 [WARN] DbFile:41 - Overriding database path with different value: /Users/alwinvarghese/.stmcufinder/plugins/mcufinder/ => /Users/alwinvarghese/.stmcufinder/plugins/mcufinder
2025-06-25 08:19:40,823 [INFO] DbMcusAds:125 - Set database path to: /Users/alwinvarghese/.stmcufinder/plugins/mcufinder//mcu/
2025-06-25 08:19:40,823 [WARN] DbFile:41 - Overriding database path with different value: /Users/alwinvarghese/.stmcufinder/plugins/mcufinder/ => /Users/alwinvarghese/.stmcufinder/plugins/mcufinder
2025-06-25 08:19:40,823 [WARN] DbFile:41 - Overriding database path with different value: /Users/alwinvarghese/.stmcufinder/plugins/mcufinder/ => /Users/alwinvarghese/.stmcufinder/plugins/mcufinder
2025-06-25 08:19:40,823 [INFO] CrossReferenceDbSqlite:203 - Set database path to: /Users/alwinvarghese/.stmcufinder/plugins/mcufinder//mcu/cs/
2025-06-25 08:19:40,888 [INFO] MainPanel:272 - HeapMemory: 268435456
2025-06-25 08:19:41,442 [INFO] DbMcusXml:78 - Set database path to: /Applications/STM32CubeIDE.app/Contents/Eclipse/plugins/com.st.stm32cube.common.mx_6.14.1.202504091515//db//mcu/
2025-06-25 08:19:41,442 [INFO] ApiDb:274 - Set plugin database path to: /Applications/STM32CubeIDE.app/Contents/Eclipse/plugins/com.st.stm32cube.common.mx_6.14.1.202504091515//db//plugins/boardmanager/
2025-06-25 08:19:41,443 [INFO] ApiDb:261 - Set plugin images path to: /Applications/STM32CubeIDE.app/Contents/Eclipse/plugins/com.st.stm32cube.common.mx_6.14.1.202504091515//db//plugins/mcufinder/images/
2025-06-25 08:19:41,443 [WARN] DbFile:41 - Overriding database path with different value: /Users/alwinvarghese/.stmcufinder/plugins/mcufinder/ => /Users/alwinvarghese/.stmcufinder/plugins/mcufinder
2025-06-25 08:19:41,443 [INFO] ApiDb:250 - Set database path to: /Users/alwinvarghese/.stmcufinder/plugins/mcufinder//mcu/
2025-06-25 08:19:41,443 [WARN] DbFile:41 - Overriding database path with different value: /Users/alwinvarghese/.stmcufinder/plugins/mcufinder/ => /Users/alwinvarghese/.stmcufinder/plugins/mcufinder
2025-06-25 08:19:41,443 [INFO] DbMcusAds:125 - Set database path to: /Users/alwinvarghese/.stmcufinder/plugins/mcufinder//mcu/
2025-06-25 08:19:41,443 [WARN] DbFile:41 - Overriding database path with different value: /Users/alwinvarghese/.stmcufinder/plugins/mcufinder/ => /Users/alwinvarghese/.stmcufinder/plugins/mcufinder
2025-06-25 08:19:41,443 [WARN] DbFile:41 - Overriding database path with different value: /Users/alwinvarghese/.stmcufinder/plugins/mcufinder/ => /Users/alwinvarghese/.stmcufinder/plugins/mcufinder
2025-06-25 08:19:41,443 [INFO] CrossReferenceDbSqlite:203 - Set database path to: /Users/alwinvarghese/.stmcufinder/plugins/mcufinder//mcu/cs/
2025-06-25 08:19:41,463 [INFO] ApplicationProperties:184 - Using Application install path: /Applications/STM32CubeIDE.app/Contents/Eclipse/plugins/com.st.stm32cube.common.mx_6.14.1.202504091515
2025-06-25 08:19:41,464 [INFO] PluginManage:196 - Search for loadable plugins [exclusion list=, ]
2025-06-25 08:19:41,466 [INFO] PluginManage:310 - Check plugin analytics
2025-06-25 08:19:41,648 [INFO] AnalyticsPlugin:253 - Accepted Software Licenses: 
2025-06-25 08:19:41,648 [INFO] AnalyticsPlugin:255 - Accepted CMSIS Pack Licenses: 
2025-06-25 08:19:41,649 [INFO] AnalyticsPlugin:257 - Accepted Firmware Licenses: FW.F4.1.28.0
2025-06-25 08:19:41,657 [INFO] PluginManage:359 - Loaded plugin analytics (category:tool,tabindex:-1)
2025-06-25 08:19:41,660 [INFO] PluginManage:310 - Check plugin cadmodel
2025-06-25 08:19:41,677 [INFO] CADModel:105 - Init CAD model plugin
2025-06-25 08:19:41,677 [INFO] PluginManage:359 - Loaded plugin cadmodel (category:power,tabindex:5)
2025-06-25 08:19:41,677 [INFO] PluginManage:310 - Check plugin clock
2025-06-25 08:19:41,687 [INFO] PluginManage:359 - Loaded plugin clock (category:base,tabindex:2)
2025-06-25 08:19:41,687 [INFO] PluginManage:310 - Check plugin ddr
2025-06-25 08:19:41,688 [INFO] PluginManage:359 - Loaded plugin ddr (category:tool,tabindex:6)
2025-06-25 08:19:41,688 [INFO] PluginManage:310 - Check plugin filemanager
2025-06-25 08:19:41,829 [INFO] PluginManage:359 - Loaded plugin filemanager (category:base,tabindex:10)
2025-06-25 08:19:41,830 [INFO] PluginManage:310 - Check plugin ipmanager
2025-06-25 08:19:41,837 [INFO] PluginManage:359 - Loaded plugin ipmanager (category:base,tabindex:5)
2025-06-25 08:19:41,837 [INFO] PluginManage:310 - Check plugin lpbam
2025-06-25 08:19:41,845 [INFO] PluginManage:359 - Loaded plugin lpbam (category:base,tabindex:0)
2025-06-25 08:19:41,845 [INFO] PluginManage:310 - Check plugin memorymap
2025-06-25 08:19:41,853 [INFO] PluginManage:359 - Loaded plugin memorymap (category:base,tabindex:4)
2025-06-25 08:19:41,853 [INFO] PluginManage:310 - Check plugin pinoutandconfiguration
2025-06-25 08:19:41,861 [INFO] PluginManage:359 - Loaded plugin pinoutandconfiguration (category:base,tabindex:1)
2025-06-25 08:19:41,861 [INFO] PluginManage:310 - Check plugin pinoutconfig
2025-06-25 08:19:41,932 [WARN] SupportedApi:132 - Cannot load RTOS API schema: s4s-elt-must-match.1: The content of 'definitions' must match (annotation?, (simpleType | complexType)?, (unique | key | keyref)*)). A problem was found starting at: attribute.
2025-06-25 08:19:42,088 [INFO] PluginManage:359 - Loaded plugin pinoutconfig (category:base,tabindex:0)
2025-06-25 08:19:42,089 [INFO] PluginManage:310 - Check plugin power
2025-06-25 08:19:42,100 [INFO] PluginManage:359 - Loaded plugin power (category:power,tabindex:4)
2025-06-25 08:19:42,100 [INFO] PluginManage:310 - Check plugin projectmanager
2025-06-25 08:19:42,122 [INFO] PluginManage:359 - Loaded plugin projectmanager (category:projectmanager,tabindex:4)
2025-06-25 08:19:42,123 [INFO] PluginManage:310 - Check plugin rif
2025-06-25 08:19:42,129 [INFO] PluginManage:359 - Loaded plugin rif (category:base,tabindex:3)
2025-06-25 08:19:42,129 [INFO] PluginManage:310 - Check plugin thirdparty
2025-06-25 08:19:42,252 [INFO] PluginManage:359 - Loaded plugin thirdparty (category:base,tabindex:-1)
2025-06-25 08:19:42,252 [WARN] IntegrityCheckThread:84 - waiting for thirdparty lock release [integrity check]
2025-06-25 08:19:42,253 [INFO] PluginManage:310 - Check plugin tools
2025-06-25 08:19:42,253 [INFO] IntegrityCheckThread:86 - entering critical section [integrity check]
2025-06-25 08:19:42,253 [INFO] ThirdPartyUpdaterWithRetryManager:70 - Updater plugin not ready yet. [1/15]
2025-06-25 08:19:42,257 [INFO] PluginManage:359 - Loaded plugin tools (category:base,tabindex:7)
2025-06-25 08:19:42,257 [INFO] PluginManage:310 - Check plugin tutovideos
2025-06-25 08:19:42,416 [INFO] PluginManage:359 - Loaded plugin tutovideos (category:base,tabindex:-1)
2025-06-25 08:19:42,417 [INFO] PluginManage:310 - Check plugin updater
2025-06-25 08:19:42,443 [INFO] PluginManage:359 - Loaded plugin updater (category:base,tabindex:12)
2025-06-25 08:19:42,444 [INFO] PluginManage:310 - Check plugin userauth
2025-06-25 08:19:42,447 [INFO] UserAuth:118 - Init User Auth plugin
2025-06-25 08:19:42,448 [INFO] PluginManage:359 - Loaded plugin userauth (category:base,tabindex:14)
2025-06-25 08:19:42,449 [INFO] PluginManage:283 - PluginManage : Loaded plugins [18]
2025-06-25 08:19:42,656 [INFO] PinOutPanel:1589 - setPackage(No Configuration,No Configuration)
2025-06-25 08:19:42,716 [INFO] CADModel:165 - CPN selected for project level
2025-06-25 08:19:42,716 [INFO] CADModel:114 - Register for checkConnection events
2025-06-25 08:19:42,727 [INFO] IPUIPlugin:80 - create IPUIPlugin
2025-06-25 08:19:42,728 [INFO] PluginManager:220 - loadIPPluginJar : add mdma
2025-06-25 08:19:42,733 [INFO] IPUIPlugin:80 - create IPUIPlugin
2025-06-25 08:19:42,733 [INFO] PluginManager:220 - loadIPPluginJar : add freertos
2025-06-25 08:19:42,736 [INFO] IPUIPlugin:80 - create IPUIPlugin
2025-06-25 08:19:42,736 [INFO] PluginManager:220 - loadIPPluginJar : add gic
2025-06-25 08:19:42,742 [INFO] IPUIPlugin:80 - create IPUIPlugin
2025-06-25 08:19:42,742 [INFO] PluginManager:220 - loadIPPluginJar : add adc
2025-06-25 08:19:42,744 [INFO] IPUIPlugin:80 - create IPUIPlugin
2025-06-25 08:19:42,744 [INFO] PluginManager:220 - loadIPPluginJar : add gtzc
2025-06-25 08:19:42,745 [INFO] IPUIPlugin:80 - create IPUIPlugin
2025-06-25 08:19:42,745 [INFO] PluginManager:220 - loadIPPluginJar : add quadspi
2025-06-25 08:19:42,746 [INFO] IPUIPlugin:80 - create IPUIPlugin
2025-06-25 08:19:42,746 [INFO] PluginManager:220 - loadIPPluginJar : add aes
2025-06-25 08:19:42,748 [INFO] IPUIPlugin:80 - create IPUIPlugin
2025-06-25 08:19:42,748 [INFO] PluginManager:220 - loadIPPluginJar : add pdm2pcm
2025-06-25 08:19:42,750 [INFO] IPUIPlugin:80 - create IPUIPlugin
2025-06-25 08:19:42,750 [INFO] PluginManager:220 - loadIPPluginJar : add hash
2025-06-25 08:19:42,751 [INFO] IPUIPlugin:80 - create IPUIPlugin
2025-06-25 08:19:42,751 [INFO] PluginManager:220 - loadIPPluginJar : add tim
2025-06-25 08:19:42,752 [INFO] IPUIPlugin:80 - create IPUIPlugin
2025-06-25 08:19:42,752 [INFO] PluginManager:220 - loadIPPluginJar : add tsc
2025-06-25 08:19:42,754 [INFO] IPUIPlugin:80 - create IPUIPlugin
2025-06-25 08:19:42,754 [INFO] PluginManager:220 - loadIPPluginJar : add extmemmanager
2025-06-25 08:19:42,755 [INFO] IPUIPlugin:80 - create IPUIPlugin
2025-06-25 08:19:42,755 [INFO] PluginManager:220 - loadIPPluginJar : add ts
2025-06-25 08:19:42,757 [INFO] IPUIPlugin:80 - create IPUIPlugin
2025-06-25 08:19:42,758 [INFO] PluginManager:220 - loadIPPluginJar : add radio
2025-06-25 08:19:42,759 [INFO] IPUIPlugin:80 - create IPUIPlugin
2025-06-25 08:19:42,759 [INFO] PluginManager:220 - loadIPPluginJar : add can
2025-06-25 08:19:42,760 [INFO] IPUIPlugin:80 - create IPUIPlugin
2025-06-25 08:19:42,761 [INFO] PluginManager:220 - loadIPPluginJar : add dma3
2025-06-25 08:19:42,762 [INFO] IPUIPlugin:80 - create IPUIPlugin
2025-06-25 08:19:42,762 [INFO] PluginManager:220 - loadIPPluginJar : add dfsdm
2025-06-25 08:19:42,764 [INFO] IPUIPlugin:80 - create IPUIPlugin
2025-06-25 08:19:42,764 [INFO] PluginManager:220 - loadIPPluginJar : add spi
2025-06-25 08:19:42,765 [INFO] IPUIPlugin:80 - create IPUIPlugin
2025-06-25 08:19:42,765 [INFO] PluginManager:220 - loadIPPluginJar : add gfxmmu
2025-06-25 08:19:42,766 [INFO] IPUIPlugin:80 - create IPUIPlugin
2025-06-25 08:19:42,766 [INFO] PluginManager:220 - loadIPPluginJar : add genericplugin
2025-06-25 08:19:42,768 [INFO] IPUIPlugin:80 - create IPUIPlugin
2025-06-25 08:19:42,768 [INFO] PluginManager:220 - loadIPPluginJar : add cryp
2025-06-25 08:19:42,770 [INFO] IPUIPlugin:80 - create IPUIPlugin
2025-06-25 08:19:42,770 [INFO] PluginManager:220 - loadIPPluginJar : add gpio
2025-06-25 08:19:42,772 [INFO] IPUIPlugin:80 - create IPUIPlugin
2025-06-25 08:19:42,772 [INFO] PluginManager:220 - loadIPPluginJar : add ddr_ctrl_phy
2025-06-25 08:19:42,774 [INFO] IPUIPlugin:80 - create IPUIPlugin
2025-06-25 08:19:42,775 [INFO] PluginManager:220 - loadIPPluginJar : add comp
2025-06-25 08:19:42,776 [INFO] IPUIPlugin:80 - create IPUIPlugin
2025-06-25 08:19:42,777 [INFO] PluginManager:220 - loadIPPluginJar : add tracer_emb
2025-06-25 08:19:42,778 [INFO] IPUIPlugin:80 - create IPUIPlugin
2025-06-25 08:19:42,779 [INFO] PluginManager:220 - loadIPPluginJar : add openamp
2025-06-25 08:19:42,782 [INFO] IPUIPlugin:80 - create IPUIPlugin
2025-06-25 08:19:42,782 [INFO] PluginManager:220 - loadIPPluginJar : add stm32_wpan
2025-06-25 08:19:42,786 [INFO] IPUIPlugin:80 - create IPUIPlugin
2025-06-25 08:19:42,789 [INFO] PluginManager:220 - loadIPPluginJar : add plateformsettings
2025-06-25 08:19:42,791 [INFO] IPUIPlugin:80 - create IPUIPlugin
2025-06-25 08:19:42,791 [INFO] PluginManager:220 - loadIPPluginJar : add ipddr
2025-06-25 08:19:42,792 [INFO] IPUIPlugin:80 - create IPUIPlugin
2025-06-25 08:19:42,793 [INFO] PluginManager:220 - loadIPPluginJar : add usart
2025-06-25 08:19:42,793 [INFO] IPUIPlugin:80 - create IPUIPlugin
2025-06-25 08:19:42,793 [INFO] PluginManager:220 - loadIPPluginJar : add ltdc
2025-06-25 08:19:42,795 [INFO] IPUIPlugin:80 - create IPUIPlugin
2025-06-25 08:19:42,795 [INFO] PluginManager:220 - loadIPPluginJar : add nvic
2025-06-25 08:19:42,796 [INFO] IPUIPlugin:80 - create IPUIPlugin
2025-06-25 08:19:42,796 [INFO] PluginManager:220 - loadIPPluginJar : add fatfs
2025-06-25 08:19:42,800 [INFO] IPUIPlugin:80 - create IPUIPlugin
2025-06-25 08:19:42,800 [INFO] PluginManager:220 - loadIPPluginJar : add linkedlist
2025-06-25 08:19:42,803 [INFO] IPUIPlugin:80 - create IPUIPlugin
2025-06-25 08:19:42,803 [INFO] PluginManager:220 - loadIPPluginJar : add dma
2025-06-25 08:19:42,806 [INFO] IPUIPlugin:80 - create IPUIPlugin
2025-06-25 08:19:42,806 [INFO] PluginManager:220 - loadIPPluginJar : add fmc
2025-06-25 08:19:42,807 [INFO] IPUIPlugin:80 - create IPUIPlugin
2025-06-25 08:19:42,807 [INFO] PluginManager:220 - loadIPPluginJar : add i2s
2025-06-25 08:19:42,808 [INFO] IPUIPlugin:80 - create IPUIPlugin
2025-06-25 08:19:42,808 [INFO] PluginManager:220 - loadIPPluginJar : add ucpd
2025-06-25 08:19:42,809 [INFO] IPUIPlugin:80 - create IPUIPlugin
2025-06-25 08:19:42,809 [INFO] PluginManager:220 - loadIPPluginJar : add lorawan
2025-06-25 08:19:42,811 [INFO] IPUIPlugin:80 - create IPUIPlugin
2025-06-25 08:19:42,811 [INFO] PluginManager:220 - loadIPPluginJar : add opamp
2025-06-25 08:19:42,812 [INFO] IPUIPlugin:80 - create IPUIPlugin
2025-06-25 08:19:42,812 [INFO] PluginManager:220 - loadIPPluginJar : add i3c
2025-06-25 08:19:42,813 [INFO] IPUIPlugin:80 - create IPUIPlugin
2025-06-25 08:19:42,814 [INFO] PluginManager:220 - loadIPPluginJar : add touchsensing
2025-06-25 08:19:42,815 [INFO] IPUIPlugin:80 - create IPUIPlugin
2025-06-25 08:19:42,816 [INFO] PluginManager:220 - loadIPPluginJar : add i2c
2025-06-25 08:19:42,818 [INFO] IPUIPlugin:80 - create IPUIPlugin
2025-06-25 08:19:42,818 [INFO] PluginManager:220 - loadIPPluginJar : add resmgrutility
2025-06-25 08:19:42,820 [INFO] IPUIPlugin:80 - create IPUIPlugin
2025-06-25 08:19:42,820 [INFO] PluginManager:220 - loadIPPluginJar : add sai
2025-06-25 08:19:42,821 [INFO] IPUIPlugin:80 - create IPUIPlugin
2025-06-25 08:19:42,821 [INFO] PluginManager:220 - loadIPPluginJar : add usbx
2025-06-25 08:19:42,931 [FATAL] Updater:351 - Updater called before beeing initialized
2025-06-25 08:19:42,982 [INFO] RulesReader:64 - Compatibility file has been processed (302 Rules)
2025-06-25 08:19:42,994 [INFO] RulesReader:64 - Compatibility file has been processed (302 Rules)
2025-06-25 08:19:43,006 [INFO] CADModel:165 - CPN selected for project level
2025-06-25 08:19:43,006 [INFO] CADModel:114 - Register for checkConnection events
2025-06-25 08:19:43,007 [FATAL] Updater:351 - Updater called before beeing initialized
2025-06-25 08:19:43,007 [ERROR] CADModel:125 - Updater not yet initialized, retry later 
2025-06-25 08:19:43,243 [FATAL] Updater:351 - Updater called before beeing initialized
2025-06-25 08:19:43,245 [INFO] CADModel:165 - CPN selected for project level
2025-06-25 08:19:43,245 [INFO] CADModel:114 - Register for checkConnection events
2025-06-25 08:19:43,245 [FATAL] Updater:351 - Updater called before beeing initialized
2025-06-25 08:19:43,245 [ERROR] CADModel:125 - Updater not yet initialized, retry later 
2025-06-25 08:19:43,249 [FATAL] Updater:351 - Updater called before beeing initialized
2025-06-25 08:19:43,378 [FATAL] Updater:351 - Updater called before beeing initialized
2025-06-25 08:19:43,383 [INFO] DbMcusAds:53 - JSON generation date=Thu Jun 19 14:02:34 IST 2025 (1750321954388)
2025-06-25 08:19:43,383 [FATAL] Updater:351 - Updater called before beeing initialized
2025-06-25 08:19:43,433 [WARN] DetailPanel:346 - Failed to get advertising image, set to default
2025-06-25 08:19:43,637 [FATAL] Updater:351 - Updater called before beeing initialized
2025-06-25 08:19:43,644 [FATAL] Updater:351 - Updater called before beeing initialized
2025-06-25 08:19:43,645 [FATAL] Updater:351 - Updater called before beeing initialized
2025-06-25 08:19:43,645 [WARN] DetailPanel:346 - Failed to get advertising image, set to default
2025-06-25 08:19:43,650 [FATAL] Updater:351 - Updater called before beeing initialized
2025-06-25 08:19:43,715 [ERROR] Updater:1198 - MainUpdater not yet initialized. External WinMGr cannot be set.
2025-06-25 08:19:43,723 [INFO] Updater:1134 - Updater Version found : 6.14.1
2025-06-25 08:19:43,735 [INFO] ApplicationProperties:184 - Using Application install path: /Applications/STM32CubeIDE.app/Contents/Eclipse/plugins/com.st.stm32cube.common.mx_6.14.1.202504091515
2025-06-25 08:19:44,342 [INFO] MainUpdater:2872 - connection check result : 10
2025-06-25 08:19:44,344 [INFO] MainUpdater:289 - Updater Check For Update Now.
2025-06-25 08:19:44,344 [INFO] MicroXplorer:498 - Change Database Version : DB.6.0.141
2025-06-25 08:19:44,358 [INFO] McuFinderGlobals:63 - Set McuFinder mode to 2 (CubeIDE integrated)
2025-06-25 08:19:44,361 [INFO] UserAuth:484 - Internet connection configuration mode: 1
2025-06-25 08:19:44,385 [INFO] JxBrowserEngine:152 - Initiate JxBrowser Engine with user profile folder
2025-06-25 08:19:44,622 [INFO] CheckServerUpdateThread:120 - End of CheckServer Thread
2025-06-25 08:19:45,415 [WARN] PackLoader:240 - Cannot read IP mode file for STMicroelectronics.FP-SNS-MOTENVWB1.1.4.0
2025-06-25 08:19:45,436 [WARN] PackLoader:240 - Cannot read IP mode file for STMicroelectronics.X-CUBE-SMBUS.2.1.0
2025-06-25 08:19:45,442 [WARN] PackLoader:240 - Cannot read IP mode file for STMicroelectronics.X-CUBE-ST60.1.0.0
2025-06-25 08:19:45,479 [WARN] PackLoader:240 - Cannot read IP mode file for STMicroelectronics.X-CUBE-AZRTOS-F7.1.1.0
2025-06-25 08:19:45,551 [WARN] PackLoader:240 - Cannot read IP mode file for Infineon.AIROC-Wi-Fi-Bluetooth-STM32.1.7.0
2025-06-25 08:19:45,608 [WARN] PackLoader:240 - Cannot read IP mode file for STMicroelectronics.X-CUBE-DISPLAY.3.0.0
2025-06-25 08:19:45,657 [WARN] PackLoader:240 - Cannot read IP mode file for STMicroelectronics.X-CUBE-NFC10.1.0.0
2025-06-25 08:19:45,691 [WARN] PackLoader:240 - Cannot read IP mode file for STMicroelectronics.X-CUBE-BLEMGR.4.0.0
2025-06-25 08:19:45,736 [WARN] PackLoader:240 - Cannot read IP mode file for emotas.I-CUBE-CANOPEN.1.3.0
2025-06-25 08:19:45,745 [WARN] ConditionMgr:438 - getConditionDescription Invalid condition id : Cortex-A Device cause : null
2025-06-25 08:19:45,757 [WARN] ConditionMgr:1044 - genDependencies : Invalid condition id : Cortex-A Device cause : null
2025-06-25 08:19:45,758 [WARN] ConditionMgr:1044 - genDependencies : Invalid condition id : Cortex-A Device cause : null
2025-06-25 08:19:45,758 [WARN] ConditionMgr:1044 - genDependencies : Invalid condition id : Cortex-A Device cause : null
2025-06-25 08:19:45,766 [WARN] PackLoader:240 - Cannot read IP mode file for STMicroelectronics.FP-SNS-SMARTAG2.1.2.0
2025-06-25 08:19:45,782 [INFO] LogOutputStream:77 - [STDOUT_REDIRECT] 1 : Invalid condition id : UX_CORESTACK_Condition cause : null
2025-06-25 08:19:45,783 [INFO] LogOutputStream:77 - [STDOUT_REDIRECT] 1 : Invalid condition id : UX_CORESTACK_Condition cause : null
2025-06-25 08:19:45,784 [INFO] LogOutputStream:77 - [STDOUT_REDIRECT] 1 : Invalid condition id : UX_CORESTACK_Condition cause : null
2025-06-25 08:19:45,784 [INFO] LogOutputStream:77 - [STDOUT_REDIRECT] 1 : Invalid condition id : UX_CORESTACK_Condition cause : null
2025-06-25 08:19:45,784 [INFO] LogOutputStream:77 - [STDOUT_REDIRECT] 1 : Invalid condition id : UX_CORESTACK_Condition cause : null
2025-06-25 08:19:45,794 [WARN] PackLoader:240 - Cannot read IP mode file for STMicroelectronics.X-CUBE-AZRTOS-WL.2.0.0
2025-06-25 08:19:45,805 [WARN] PackLoader:240 - Cannot read IP mode file for STMicroelectronics.FP-SNS-MOTENV1.5.0.0
2025-06-25 08:19:45,815 [WARN] PackLoader:240 - Cannot read IP mode file for WES.I-CUBE-Cesium.1.3.0
2025-06-25 08:19:45,830 [WARN] PackLoader:240 - Cannot read IP mode file for STMicroelectronics.X-CUBE-BLE2.3.3.0
2025-06-25 08:19:45,843 [WARN] PackLoader:240 - Cannot read IP mode file for STMicroelectronics.X-CUBE-NFC9.1.0.0
2025-06-25 08:19:45,868 [WARN] PackLoader:240 - Cannot read IP mode file for wolfSSL.I-CUBE-wolfSSL.5.8.0
2025-06-25 08:19:45,876 [WARN] PackLoader:240 - Cannot read IP mode file for wolfSSL.I-CUBE-wolfMQTT.1.19.2
2025-06-25 08:19:45,904 [WARN] PackLoader:240 - Cannot read IP mode file for STMicroelectronics.X-CUBE-AZRTOS-G0.1.1.0
2025-06-25 08:19:45,961 [WARN] PackLoader:240 - Cannot read IP mode file for STMicroelectronics.X-CUBE-SAFEA1.1.2.2
2025-06-25 08:19:45,976 [WARN] PackLoader:240 - Cannot read IP mode file for STMicroelectronics.X-CUBE-NFC4.3.0.0
2025-06-25 08:19:45,995 [WARN] PackLoader:240 - Cannot read IP mode file for EmbeddedOffice.I-CUBE-FS-RTOS.1.0.1
2025-06-25 08:19:46,009 [WARN] PackLoader:240 - Cannot read IP mode file for STMicroelectronics.X-CUBE-WB05N.2.0.0
2025-06-25 08:19:46,016 [WARN] PackLoader:240 - Cannot read IP mode file for wolfSSL.I-CUBE-wolfTPM.3.8.0
2025-06-25 08:19:46,027 [WARN] PackLoader:240 - Cannot read IP mode file for STMicroelectronics.X-CUBE-TCPP.4.2.0
2025-06-25 08:19:46,034 [WARN] PackLoader:240 - Cannot read IP mode file for RealThread.X-CUBE-RT-Thread_Nano.4.1.1
2025-06-25 08:19:46,042 [WARN] PackLoader:240 - Cannot read IP mode file for STMicroelectronics.FP-ATR-SIGFOX1.3.2.0
2025-06-25 08:19:46,048 [WARN] PackLoader:240 - Cannot read IP mode file for STMicroelectronics.X-CUBE-EEPRMA1.5.1.0
2025-06-25 08:19:46,057 [WARN] PackLoader:240 - Cannot read IP mode file for ITTIA_DB.I-CUBE-ITTIADB.8.9.0
2025-06-25 08:19:46,064 [WARN] PackLoader:240 - Cannot read IP mode file for STMicroelectronics.X-CUBE-ST67W61.1.0.0
2025-06-25 08:19:46,106 [WARN] PackLoader:240 - Cannot read IP mode file for SEGGER.I-CUBE-embOS.1.3.1
2025-06-25 08:19:46,155 [WARN] PackLoader:240 - Cannot read IP mode file for STMicroelectronics.X-CUBE-ALGOBUILD.1.4.0
2025-06-25 08:19:46,231 [WARN] PackLoader:240 - Cannot read IP mode file for STMicroelectronics.X-CUBE-MEMS1.11.3.0
2025-06-25 08:19:46,556 [WARN] PackLoader:240 - Cannot read IP mode file for STMicroelectronics.X-CUBE-PM33A1.1.0.0
2025-06-25 08:19:46,656 [WARN] PackLoader:240 - Cannot read IP mode file for STMicroelectronics.X-CUBE-AZRTOS-F4.1.1.0
2025-06-25 08:19:46,727 [WARN] PackLoader:240 - Cannot read IP mode file for Avnet-IotConnect.X-CUBE-IoTC-DA16k-PMOD.1.0.0
2025-06-25 08:19:46,739 [WARN] PackLoader:240 - Cannot read IP mode file for STMicroelectronics.X-CUBE-ISPU.2.1.0
2025-06-25 08:19:46,764 [WARN] PackLoader:240 - Cannot read IP mode file for STMicroelectronics.X-CUBE-AZRTOS-L5.2.0.0
2025-06-25 08:19:46,786 [WARN] PackLoader:240 - Cannot read IP mode file for STMicroelectronics.X-CUBE-NFC6.3.1.0
2025-06-25 08:19:46,801 [WARN] PackLoader:240 - Cannot read IP mode file for STMicroelectronics.FP-SNS-STAIOTCFT.1.0.0
2025-06-25 08:19:46,830 [WARN] ConditionMgr:438 - getConditionDescription Invalid condition id : LAN8742 Phy interface Condition cause : null
2025-06-25 08:19:46,833 [WARN] PackLoader:240 - Cannot read IP mode file for STMicroelectronics.X-CUBE-AZRTOS-L4.2.0.0
2025-06-25 08:19:46,835 [WARN] ConditionMgr:1044 - genDependencies : Invalid condition id : LAN8742 Phy interface Condition cause : null
2025-06-25 08:19:46,836 [WARN] ConditionMgr:1044 - genDependencies : Invalid condition id : LAN8742 Phy interface Condition cause : null
2025-06-25 08:19:46,837 [WARN] ConditionMgr:1044 - genDependencies : Invalid condition id : LAN8742 Phy interface Condition cause : null
2025-06-25 08:19:46,848 [WARN] PackLoader:240 - Cannot read IP mode file for STMicroelectronics.X-CUBE-SFXS2LP1.4.0.0
2025-06-25 08:19:46,875 [WARN] PackLoader:240 - Cannot read IP mode file for STMicroelectronics.X-CUBE-AZRTOS-H7.3.3.0
2025-06-25 08:19:46,892 [WARN] ConditionMgr:438 - getConditionDescription Invalid condition id : UX DEVICE CLASS RTOS Condition cause : null
2025-06-25 08:19:46,892 [WARN] ConditionMgr:438 - getConditionDescription Invalid condition id : UX DEVICE CLASS RTOS Condition cause : null
2025-06-25 08:19:46,898 [WARN] PackLoader:240 - Cannot read IP mode file for STMicroelectronics.X-CUBE-AZRTOS-WB.2.0.0
2025-06-25 08:19:46,899 [WARN] ConditionMgr:1044 - genDependencies : Invalid condition id : UX DEVICE CLASS RTOS Condition cause : null
2025-06-25 08:19:46,899 [WARN] ConditionMgr:1044 - genDependencies : Invalid condition id : UX DEVICE CLASS RTOS Condition cause : null
2025-06-25 08:19:46,900 [WARN] ConditionMgr:1044 - genDependencies : Invalid condition id : UX DEVICE CLASS RTOS Condition cause : null
2025-06-25 08:19:46,901 [WARN] ConditionMgr:1044 - genDependencies : Invalid condition id : UX DEVICE CLASS RTOS Condition cause : null
2025-06-25 08:19:46,901 [WARN] ConditionMgr:1044 - genDependencies : Invalid condition id : UX DEVICE CLASS RTOS Condition cause : null
2025-06-25 08:19:46,910 [WARN] PackLoader:240 - Cannot read IP mode file for STMicroelectronics.X-CUBE-GNSS1.7.0.1
2025-06-25 08:19:46,930 [WARN] PackLoader:240 - Cannot read IP mode file for STMicroelectronics.X-CUBE-TOUCHGFX.4.25.0
2025-06-25 08:19:46,936 [WARN] PackLoader:240 - Cannot read IP mode file for STMicroelectronics.FP-SNS-STBOX1.2.0.0
2025-06-25 08:19:46,965 [WARN] PackLoader:240 - Cannot read IP mode file for STMicroelectronics.X-CUBE-SUBG2.5.0.0
2025-06-25 08:19:47,001 [WARN] PackLoader:240 - Cannot read IP mode file for STMicroelectronics.X-CUBE-AZRTOS-H7RS.1.1.0
2025-06-25 08:19:47,007 [WARN] PackLoader:240 - Cannot read IP mode file for Cesanta.I-CUBE-Mongoose.7.13.0
2025-06-25 08:19:47,021 [WARN] PackLoader:240 - Cannot read IP mode file for STMicroelectronics.X-CUBE-AZRTOS-G4.2.0.0
2025-06-25 08:19:47,025 [WARN] PackLoader:240 - Cannot read IP mode file for wolfSSL.I-CUBE-wolfSSH.1.4.20
2025-06-25 08:19:47,032 [WARN] PackLoader:240 - Cannot read IP mode file for STMicroelectronics.X-CUBE-NFC7.2.0.0
2025-06-25 08:19:47,047 [WARN] PackLoader:240 - Cannot read IP mode file for STMicroelectronics.X-CUBE-IPS.3.1.0
2025-06-25 08:19:47,063 [WARN] PackLoader:240 - Cannot read IP mode file for STMicroelectronics.X-CUBE-ALS.1.0.2
2025-06-25 08:19:47,069 [WARN] PackLoader:240 - Cannot read IP mode file for portGmbH.I-Cube-SoM-uGOAL.1.1.0
2025-06-25 08:19:47,079 [WARN] PackLoader:240 - Cannot read IP mode file for STMicroelectronics.X-CUBE-TOF1.3.4.3
2025-06-25 08:19:47,107 [INFO] ThirdParty:978 - Integrity check success = true
2025-06-25 08:19:47,107 [INFO] IntegrityCheckThread:100 - exiting critical section [integrity check]
2025-06-25 08:19:47,107 [INFO] IntegrityCheckThread:103 - End integrity checks thread
2025-06-25 08:19:49,395 [INFO] WebApp:169 - Instantiating new browser for Auth
2025-06-25 08:19:50,838 [INFO] WebApp:463 - Apply proxy settings
2025-06-25 08:19:50,856 [INFO] WebApp:508 - Chromium authenticates against Manually configured proxy
2025-06-25 08:19:50,868 [INFO] WebApp:516 - Username used for proxy authentication: 
2025-06-25 08:19:50,912 [INFO] WebApp:894 - Register for checkConnection events
2025-06-25 08:19:50,912 [INFO] WebApp:463 - Apply proxy settings
2025-06-25 08:19:50,916 [INFO] WebApp:508 - Chromium authenticates against Manually configured proxy
2025-06-25 08:19:50,916 [INFO] WebApp:516 - Username used for proxy authentication: 
2025-06-25 08:19:51,083 [INFO] WebApp:225 - Starting web application
2025-06-25 08:19:51,083 [INFO] WebApp:593 - Web application path used /Applications/STM32CubeIDE.app/Contents/Eclipse/plugins/com.st.stm32cube.common.mx_6.14.1.202504091515/db/plugins/mcufinder/reactClient1/index.html
2025-06-25 08:19:51,688 [INFO] UserAuth:484 - Internet connection configuration mode: 1
2025-06-25 08:19:52,163 [INFO] WebApp:191 - Connection restablished
2025-06-25 09:16:05,929 [INFO] WebApp:194 - Connection lost
2025-06-25 09:16:11,990 [INFO] WebApp:191 - Connection restablished
2025-06-25 09:16:12,515 [INFO] WebApp:194 - Connection lost
2025-06-25 09:16:13,035 [INFO] WebApp:191 - Connection restablished
